{"C:\\ReduxLearning\\expense\\helloDb\\src\\app.js": {"path":"C:\\ReduxLearning\\expense\\helloDb\\src\\app.js","statementMap":{"0":{"start":{"line":1,"column":16},"end":{"line":1,"column":34}},"1":{"start":{"line":2,"column":12},"end":{"line":2,"column":21}},"2":{"start":{"line":4,"column":0},"end":{"line":4,"column":27}},"3":{"start":{"line":5,"column":0},"end":{"line":5,"column":35}},"4":{"start":{"line":6,"column":0},"end":{"line":6,"column":34}},"5":{"start":{"line":8,"column":0},"end":{"line":8,"column":21}}},"fnMap":{},"branchMap":{},"s":{"0":4,"1":4,"2":4,"3":4,"4":4,"5":4},"f":{},"b":{},"_coverageSchema":"43e27e138ebf9cfc5966b082cf9a028302ed4184","hash":"81d081354d3386072a308969a8f6b91013d27d13"}
,"C:\\ReduxLearning\\expense\\helloDb\\src\\db.js": {"path":"C:\\ReduxLearning\\expense\\helloDb\\src\\db.js","statementMap":{"0":{"start":{"line":1,"column":16},"end":{"line":1,"column":44}},"1":{"start":{"line":3,"column":9},"end":{"line":3,"column":13}},"2":{"start":{"line":5,"column":0},"end":{"line":9,"column":1}},"3":{"start":{"line":6,"column":4},"end":{"line":6,"column":41}},"4":{"start":{"line":8,"column":4},"end":{"line":8,"column":41}},"5":{"start":{"line":11,"column":0},"end":{"line":11,"column":20}}},"fnMap":{},"branchMap":{"0":{"loc":{"start":{"line":5,"column":0},"end":{"line":9,"column":1}},"type":"if","locations":[{"start":{"line":5,"column":0},"end":{"line":9,"column":1}},{"start":{"line":5,"column":0},"end":{"line":9,"column":1}}],"line":5}},"s":{"0":4,"1":4,"2":4,"3":4,"4":0,"5":4},"f":{},"b":{"0":[4,0]},"_coverageSchema":"43e27e138ebf9cfc5966b082cf9a028302ed4184","hash":"ed5a8e3f5a3e668c34ae1354b79e7fa9bde5d0e2"}
,"C:\\ReduxLearning\\expense\\helloDb\\src\\controllers\\CategoryController.js": {"path":"C:\\ReduxLearning\\expense\\helloDb\\src\\controllers\\CategoryController.js","statementMap":{"0":{"start":{"line":1,"column":11},"end":{"line":1,"column":27}},"1":{"start":{"line":4,"column":0},"end":{"line":16,"column":1}},"2":{"start":{"line":5,"column":4},"end":{"line":5,"column":33}},"3":{"start":{"line":6,"column":16},"end":{"line":6,"column":41}},"4":{"start":{"line":8,"column":4},"end":{"line":15,"column":6}},"5":{"start":{"line":9,"column":8},"end":{"line":10,"column":48}},"6":{"start":{"line":10,"column":8},"end":{"line":10,"column":48}},"7":{"start":{"line":11,"column":8},"end":{"line":14,"column":55}},"8":{"start":{"line":12,"column":12},"end":{"line":12,"column":44}},"9":{"start":{"line":14,"column":13},"end":{"line":14,"column":55}}},"fnMap":{"0":{"name":"(anonymous_0)","decl":{"start":{"line":4,"column":14},"end":{"line":4,"column":15}},"loc":{"start":{"line":4,"column":33},"end":{"line":16,"column":1}},"line":4},"1":{"name":"(anonymous_1)","decl":{"start":{"line":8,"column":18},"end":{"line":8,"column":19}},"loc":{"start":{"line":8,"column":29},"end":{"line":15,"column":5}},"line":8}},"branchMap":{"0":{"loc":{"start":{"line":9,"column":8},"end":{"line":10,"column":48}},"type":"if","locations":[{"start":{"line":9,"column":8},"end":{"line":10,"column":48}},{"start":{"line":9,"column":8},"end":{"line":10,"column":48}}],"line":9},"1":{"loc":{"start":{"line":11,"column":8},"end":{"line":14,"column":55}},"type":"if","locations":[{"start":{"line":11,"column":8},"end":{"line":14,"column":55}},{"start":{"line":11,"column":8},"end":{"line":14,"column":55}}],"line":11}},"s":{"0":4,"1":4,"2":2,"3":2,"4":2,"5":2,"6":0,"7":2,"8":2,"9":0},"f":{"0":2,"1":2},"b":{"0":[0,2],"1":[2,0]},"_coverageSchema":"43e27e138ebf9cfc5966b082cf9a028302ed4184","hash":"54b37e44a7684eb5fb392678d4fe06c76921c9d2"}
,"C:\\ReduxLearning\\expense\\helloDb\\src\\controllers\\CategoryTypeController.js": {"path":"C:\\ReduxLearning\\expense\\helloDb\\src\\controllers\\CategoryTypeController.js","statementMap":{"0":{"start":{"line":1,"column":10},"end":{"line":1,"column":26}},"1":{"start":{"line":4,"column":0},"end":{"line":14,"column":1}},"2":{"start":{"line":6,"column":16},"end":{"line":6,"column":44}},"3":{"start":{"line":7,"column":4},"end":{"line":13,"column":6}},"4":{"start":{"line":8,"column":8},"end":{"line":9,"column":48}},"5":{"start":{"line":9,"column":8},"end":{"line":9,"column":48}},"6":{"start":{"line":10,"column":8},"end":{"line":12,"column":55}},"7":{"start":{"line":11,"column":8},"end":{"line":11,"column":40}},"8":{"start":{"line":12,"column":13},"end":{"line":12,"column":55}},"9":{"start":{"line":15,"column":0},"end":{"line":30,"column":1}},"10":{"start":{"line":16,"column":14},"end":{"line":16,"column":63}},"11":{"start":{"line":17,"column":16},"end":{"line":17,"column":26}},"12":{"start":{"line":18,"column":4},"end":{"line":29,"column":6}},"13":{"start":{"line":19,"column":8},"end":{"line":19,"column":24}},"14":{"start":{"line":20,"column":8},"end":{"line":20,"column":24}},"15":{"start":{"line":21,"column":8},"end":{"line":21,"column":32}},"16":{"start":{"line":22,"column":8},"end":{"line":23,"column":48}},"17":{"start":{"line":23,"column":8},"end":{"line":23,"column":48}},"18":{"start":{"line":25,"column":8},"end":{"line":28,"column":48}},"19":{"start":{"line":26,"column":8},"end":{"line":26,"column":40}},"20":{"start":{"line":27,"column":15},"end":{"line":27,"column":34}},"21":{"start":{"line":28,"column":12},"end":{"line":28,"column":47}},"22":{"start":{"line":31,"column":0},"end":{"line":47,"column":1}},"23":{"start":{"line":32,"column":14},"end":{"line":32,"column":105}},"24":{"start":{"line":33,"column":16},"end":{"line":33,"column":31}},"25":{"start":{"line":34,"column":0},"end":{"line":34,"column":18}},"26":{"start":{"line":36,"column":4},"end":{"line":46,"column":6}},"27":{"start":{"line":37,"column":8},"end":{"line":37,"column":24}},"28":{"start":{"line":38,"column":8},"end":{"line":38,"column":24}},"29":{"start":{"line":39,"column":8},"end":{"line":40,"column":48}},"30":{"start":{"line":40,"column":8},"end":{"line":40,"column":48}},"31":{"start":{"line":42,"column":8},"end":{"line":45,"column":48}},"32":{"start":{"line":43,"column":8},"end":{"line":43,"column":40}},"33":{"start":{"line":44,"column":15},"end":{"line":44,"column":34}},"34":{"start":{"line":45,"column":12},"end":{"line":45,"column":47}},"35":{"start":{"line":49,"column":0},"end":{"line":63,"column":1}},"36":{"start":{"line":50,"column":14},"end":{"line":50,"column":59}},"37":{"start":{"line":51,"column":14},"end":{"line":51,"column":37}},"38":{"start":{"line":52,"column":4},"end":{"line":62,"column":6}},"39":{"start":{"line":53,"column":8},"end":{"line":53,"column":24}},"40":{"start":{"line":54,"column":8},"end":{"line":54,"column":24}},"41":{"start":{"line":55,"column":8},"end":{"line":56,"column":48}},"42":{"start":{"line":56,"column":8},"end":{"line":56,"column":48}},"43":{"start":{"line":58,"column":8},"end":{"line":61,"column":48}},"44":{"start":{"line":59,"column":8},"end":{"line":59,"column":40}},"45":{"start":{"line":60,"column":15},"end":{"line":60,"column":34}},"46":{"start":{"line":61,"column":12},"end":{"line":61,"column":47}},"47":{"start":{"line":64,"column":0},"end":{"line":82,"column":1}},"48":{"start":{"line":67,"column":4},"end":{"line":67,"column":25}},"49":{"start":{"line":68,"column":45},"end":{"line":68,"column":53}},"50":{"start":{"line":69,"column":14},"end":{"line":69,"column":84}},"51":{"start":{"line":71,"column":4},"end":{"line":81,"column":6}},"52":{"start":{"line":72,"column":8},"end":{"line":72,"column":25}},"53":{"start":{"line":73,"column":8},"end":{"line":80,"column":5}},"54":{"start":{"line":74,"column":12},"end":{"line":74,"column":36}},"55":{"start":{"line":75,"column":8},"end":{"line":75,"column":48}},"56":{"start":{"line":77,"column":8},"end":{"line":77,"column":26}},"57":{"start":{"line":78,"column":8},"end":{"line":78,"column":71}},"58":{"start":{"line":84,"column":0},"end":{"line":105,"column":1}},"59":{"start":{"line":86,"column":4},"end":{"line":86,"column":26}},"60":{"start":{"line":87,"column":4},"end":{"line":87,"column":28}},"61":{"start":{"line":88,"column":14},"end":{"line":88,"column":97}},"62":{"start":{"line":89,"column":42},"end":{"line":89,"column":50}},"63":{"start":{"line":90,"column":15},"end":{"line":90,"column":38}},"64":{"start":{"line":91,"column":4},"end":{"line":91,"column":21}},"65":{"start":{"line":92,"column":4},"end":{"line":104,"column":6}},"66":{"start":{"line":93,"column":8},"end":{"line":93,"column":32}},"67":{"start":{"line":94,"column":8},"end":{"line":97,"column":9}},"68":{"start":{"line":95,"column":12},"end":{"line":95,"column":37}},"69":{"start":{"line":96,"column":12},"end":{"line":96,"column":52}},"70":{"start":{"line":98,"column":8},"end":{"line":103,"column":55}},"71":{"start":{"line":99,"column":12},"end":{"line":99,"column":38}},"72":{"start":{"line":100,"column":12},"end":{"line":100,"column":73}},"73":{"start":{"line":103,"column":13},"end":{"line":103,"column":55}},"74":{"start":{"line":106,"column":0},"end":{"line":121,"column":1}},"75":{"start":{"line":108,"column":4},"end":{"line":108,"column":26}},"76":{"start":{"line":109,"column":4},"end":{"line":109,"column":28}},"77":{"start":{"line":110,"column":16},"end":{"line":110,"column":59}},"78":{"start":{"line":111,"column":19},"end":{"line":111,"column":32}},"79":{"start":{"line":113,"column":4},"end":{"line":120,"column":6}},"80":{"start":{"line":114,"column":8},"end":{"line":119,"column":55}},"81":{"start":{"line":114,"column":16},"end":{"line":114,"column":56}},"82":{"start":{"line":115,"column":13},"end":{"line":119,"column":55}},"83":{"start":{"line":116,"column":12},"end":{"line":116,"column":29}},"84":{"start":{"line":117,"column":12},"end":{"line":117,"column":55}},"85":{"start":{"line":119,"column":13},"end":{"line":119,"column":55}}},"fnMap":{"0":{"name":"(anonymous_0)","decl":{"start":{"line":4,"column":12},"end":{"line":4,"column":13}},"loc":{"start":{"line":4,"column":29},"end":{"line":14,"column":1}},"line":4},"1":{"name":"(anonymous_1)","decl":{"start":{"line":7,"column":19},"end":{"line":7,"column":20}},"loc":{"start":{"line":7,"column":30},"end":{"line":13,"column":5}},"line":7},"2":{"name":"(anonymous_2)","decl":{"start":{"line":15,"column":29},"end":{"line":15,"column":30}},"loc":{"start":{"line":15,"column":46},"end":{"line":30,"column":1}},"line":15},"3":{"name":"(anonymous_3)","decl":{"start":{"line":18,"column":21},"end":{"line":18,"column":22}},"loc":{"start":{"line":18,"column":32},"end":{"line":29,"column":5}},"line":18},"4":{"name":"(anonymous_4)","decl":{"start":{"line":31,"column":31},"end":{"line":31,"column":32}},"loc":{"start":{"line":31,"column":48},"end":{"line":47,"column":1}},"line":31},"5":{"name":"(anonymous_5)","decl":{"start":{"line":36,"column":23},"end":{"line":36,"column":24}},"loc":{"start":{"line":36,"column":34},"end":{"line":46,"column":5}},"line":36},"6":{"name":"(anonymous_6)","decl":{"start":{"line":49,"column":16},"end":{"line":49,"column":17}},"loc":{"start":{"line":49,"column":33},"end":{"line":63,"column":1}},"line":49},"7":{"name":"(anonymous_7)","decl":{"start":{"line":52,"column":21},"end":{"line":52,"column":22}},"loc":{"start":{"line":52,"column":32},"end":{"line":62,"column":5}},"line":52},"8":{"name":"(anonymous_8)","decl":{"start":{"line":64,"column":13},"end":{"line":64,"column":14}},"loc":{"start":{"line":64,"column":25},"end":{"line":82,"column":1}},"line":64},"9":{"name":"(anonymous_9)","decl":{"start":{"line":71,"column":46},"end":{"line":71,"column":47}},"loc":{"start":{"line":71,"column":64},"end":{"line":81,"column":5}},"line":71},"10":{"name":"(anonymous_10)","decl":{"start":{"line":84,"column":12},"end":{"line":84,"column":13}},"loc":{"start":{"line":84,"column":23},"end":{"line":105,"column":1}},"line":84},"11":{"name":"(anonymous_11)","decl":{"start":{"line":92,"column":49},"end":{"line":92,"column":50}},"loc":{"start":{"line":92,"column":62},"end":{"line":104,"column":5}},"line":92},"12":{"name":"(anonymous_12)","decl":{"start":{"line":106,"column":15},"end":{"line":106,"column":16}},"loc":{"start":{"line":106,"column":26},"end":{"line":121,"column":1}},"line":106},"13":{"name":"(anonymous_13)","decl":{"start":{"line":113,"column":23},"end":{"line":113,"column":24}},"loc":{"start":{"line":113,"column":36},"end":{"line":120,"column":5}},"line":113}},"branchMap":{"0":{"loc":{"start":{"line":8,"column":8},"end":{"line":9,"column":48}},"type":"if","locations":[{"start":{"line":8,"column":8},"end":{"line":9,"column":48}},{"start":{"line":8,"column":8},"end":{"line":9,"column":48}}],"line":8},"1":{"loc":{"start":{"line":10,"column":8},"end":{"line":12,"column":55}},"type":"if","locations":[{"start":{"line":10,"column":8},"end":{"line":12,"column":55}},{"start":{"line":10,"column":8},"end":{"line":12,"column":55}}],"line":10},"2":{"loc":{"start":{"line":22,"column":8},"end":{"line":23,"column":48}},"type":"if","locations":[{"start":{"line":22,"column":8},"end":{"line":23,"column":48}},{"start":{"line":22,"column":8},"end":{"line":23,"column":48}}],"line":22},"3":{"loc":{"start":{"line":25,"column":8},"end":{"line":28,"column":48}},"type":"if","locations":[{"start":{"line":25,"column":8},"end":{"line":28,"column":48}},{"start":{"line":25,"column":8},"end":{"line":28,"column":48}}],"line":25},"4":{"loc":{"start":{"line":39,"column":8},"end":{"line":40,"column":48}},"type":"if","locations":[{"start":{"line":39,"column":8},"end":{"line":40,"column":48}},{"start":{"line":39,"column":8},"end":{"line":40,"column":48}}],"line":39},"5":{"loc":{"start":{"line":42,"column":8},"end":{"line":45,"column":48}},"type":"if","locations":[{"start":{"line":42,"column":8},"end":{"line":45,"column":48}},{"start":{"line":42,"column":8},"end":{"line":45,"column":48}}],"line":42},"6":{"loc":{"start":{"line":55,"column":8},"end":{"line":56,"column":48}},"type":"if","locations":[{"start":{"line":55,"column":8},"end":{"line":56,"column":48}},{"start":{"line":55,"column":8},"end":{"line":56,"column":48}}],"line":55},"7":{"loc":{"start":{"line":58,"column":8},"end":{"line":61,"column":48}},"type":"if","locations":[{"start":{"line":58,"column":8},"end":{"line":61,"column":48}},{"start":{"line":58,"column":8},"end":{"line":61,"column":48}}],"line":58},"8":{"loc":{"start":{"line":73,"column":8},"end":{"line":80,"column":5}},"type":"if","locations":[{"start":{"line":73,"column":8},"end":{"line":80,"column":5}},{"start":{"line":73,"column":8},"end":{"line":80,"column":5}}],"line":73},"9":{"loc":{"start":{"line":94,"column":8},"end":{"line":97,"column":9}},"type":"if","locations":[{"start":{"line":94,"column":8},"end":{"line":97,"column":9}},{"start":{"line":94,"column":8},"end":{"line":97,"column":9}}],"line":94},"10":{"loc":{"start":{"line":98,"column":8},"end":{"line":103,"column":55}},"type":"if","locations":[{"start":{"line":98,"column":8},"end":{"line":103,"column":55}},{"start":{"line":98,"column":8},"end":{"line":103,"column":55}}],"line":98},"11":{"loc":{"start":{"line":114,"column":8},"end":{"line":119,"column":55}},"type":"if","locations":[{"start":{"line":114,"column":8},"end":{"line":119,"column":55}},{"start":{"line":114,"column":8},"end":{"line":119,"column":55}}],"line":114},"12":{"loc":{"start":{"line":115,"column":13},"end":{"line":119,"column":55}},"type":"if","locations":[{"start":{"line":115,"column":13},"end":{"line":119,"column":55}},{"start":{"line":115,"column":13},"end":{"line":119,"column":55}}],"line":115}},"s":{"0":4,"1":4,"2":0,"3":0,"4":0,"5":0,"6":0,"7":0,"8":0,"9":4,"10":2,"11":2,"12":2,"13":2,"14":2,"15":2,"16":2,"17":0,"18":2,"19":1,"20":1,"21":1,"22":4,"23":2,"24":2,"25":2,"26":2,"27":2,"28":2,"29":2,"30":0,"31":2,"32":1,"33":1,"34":1,"35":4,"36":2,"37":2,"38":2,"39":2,"40":2,"41":2,"42":0,"43":2,"44":1,"45":1,"46":1,"47":4,"48":2,"49":2,"50":2,"51":2,"52":2,"53":2,"54":1,"55":1,"56":1,"57":1,"58":4,"59":3,"60":3,"61":3,"62":3,"63":3,"64":3,"65":3,"66":3,"67":3,"68":1,"69":1,"70":2,"71":1,"72":1,"73":1,"74":4,"75":2,"76":2,"77":2,"78":2,"79":2,"80":2,"81":0,"82":2,"83":1,"84":1,"85":1},"f":{"0":0,"1":0,"2":2,"3":2,"4":2,"5":2,"6":2,"7":2,"8":2,"9":2,"10":3,"11":3,"12":2,"13":2},"b":{"0":[0,0],"1":[0,0],"2":[0,2],"3":[1,1],"4":[0,2],"5":[1,1],"6":[0,2],"7":[1,1],"8":[1,1],"9":[1,2],"10":[1,1],"11":[0,2],"12":[1,1]},"_coverageSchema":"43e27e138ebf9cfc5966b082cf9a028302ed4184","hash":"3130f03816dcd8dce3515f5a6a14bda396e2750c"}
,"C:\\ReduxLearning\\expense\\helloDb\\src\\controllers\\TransactionController.js": {"path":"C:\\ReduxLearning\\expense\\helloDb\\src\\controllers\\TransactionController.js","statementMap":{"0":{"start":{"line":1,"column":11},"end":{"line":1,"column":27}},"1":{"start":{"line":3,"column":0},"end":{"line":15,"column":2}},"2":{"start":{"line":4,"column":16},"end":{"line":4,"column":76}},"3":{"start":{"line":5,"column":4},"end":{"line":14,"column":7}},"4":{"start":{"line":6,"column":8},"end":{"line":6,"column":25}},"5":{"start":{"line":7,"column":8},"end":{"line":7,"column":58}},"6":{"start":{"line":7,"column":17},"end":{"line":7,"column":58}},"7":{"start":{"line":8,"column":8},"end":{"line":13,"column":9}},"8":{"start":{"line":9,"column":12},"end":{"line":9,"column":29}},"9":{"start":{"line":10,"column":12},"end":{"line":10,"column":45}},"10":{"start":{"line":12,"column":12},"end":{"line":12,"column":55}},"11":{"start":{"line":17,"column":0},"end":{"line":30,"column":2}},"12":{"start":{"line":18,"column":19},"end":{"line":18,"column":29}},"13":{"start":{"line":19,"column":16},"end":{"line":19,"column":100}},"14":{"start":{"line":20,"column":4},"end":{"line":29,"column":7}},"15":{"start":{"line":21,"column":8},"end":{"line":21,"column":25}},"16":{"start":{"line":22,"column":8},"end":{"line":22,"column":58}},"17":{"start":{"line":22,"column":17},"end":{"line":22,"column":58}},"18":{"start":{"line":23,"column":8},"end":{"line":28,"column":9}},"19":{"start":{"line":24,"column":12},"end":{"line":24,"column":29}},"20":{"start":{"line":25,"column":12},"end":{"line":25,"column":45}},"21":{"start":{"line":27,"column":12},"end":{"line":27,"column":55}},"22":{"start":{"line":31,"column":0},"end":{"line":52,"column":1}},"23":{"start":{"line":34,"column":4},"end":{"line":34,"column":25}},"24":{"start":{"line":36,"column":36},"end":{"line":36,"column":44}},"25":{"start":{"line":38,"column":28},"end":{"line":38,"column":88}},"26":{"start":{"line":40,"column":14},"end":{"line":40,"column":103}},"27":{"start":{"line":42,"column":4},"end":{"line":51,"column":6}},"28":{"start":{"line":43,"column":8},"end":{"line":43,"column":25}},"29":{"start":{"line":44,"column":8},"end":{"line":50,"column":5}},"30":{"start":{"line":45,"column":12},"end":{"line":45,"column":36}},"31":{"start":{"line":46,"column":8},"end":{"line":46,"column":48}},"32":{"start":{"line":48,"column":8},"end":{"line":48,"column":33}},"33":{"start":{"line":49,"column":8},"end":{"line":49,"column":95}}},"fnMap":{"0":{"name":"(anonymous_0)","decl":{"start":{"line":3,"column":14},"end":{"line":3,"column":15}},"loc":{"start":{"line":3,"column":34},"end":{"line":15,"column":1}},"line":3},"1":{"name":"(anonymous_1)","decl":{"start":{"line":5,"column":19},"end":{"line":5,"column":20}},"loc":{"start":{"line":5,"column":33},"end":{"line":14,"column":5}},"line":5},"2":{"name":"(anonymous_2)","decl":{"start":{"line":17,"column":18},"end":{"line":17,"column":19}},"loc":{"start":{"line":17,"column":38},"end":{"line":30,"column":1}},"line":17},"3":{"name":"(anonymous_3)","decl":{"start":{"line":20,"column":21},"end":{"line":20,"column":22}},"loc":{"start":{"line":20,"column":35},"end":{"line":29,"column":5}},"line":20},"4":{"name":"(anonymous_4)","decl":{"start":{"line":31,"column":13},"end":{"line":31,"column":14}},"loc":{"start":{"line":31,"column":25},"end":{"line":52,"column":1}},"line":31},"5":{"name":"(anonymous_5)","decl":{"start":{"line":42,"column":60},"end":{"line":42,"column":61}},"loc":{"start":{"line":42,"column":78},"end":{"line":51,"column":5}},"line":42}},"branchMap":{"0":{"loc":{"start":{"line":7,"column":8},"end":{"line":7,"column":58}},"type":"if","locations":[{"start":{"line":7,"column":8},"end":{"line":7,"column":58}},{"start":{"line":7,"column":8},"end":{"line":7,"column":58}}],"line":7},"1":{"loc":{"start":{"line":8,"column":8},"end":{"line":13,"column":9}},"type":"if","locations":[{"start":{"line":8,"column":8},"end":{"line":13,"column":9}},{"start":{"line":8,"column":8},"end":{"line":13,"column":9}}],"line":8},"2":{"loc":{"start":{"line":22,"column":8},"end":{"line":22,"column":58}},"type":"if","locations":[{"start":{"line":22,"column":8},"end":{"line":22,"column":58}},{"start":{"line":22,"column":8},"end":{"line":22,"column":58}}],"line":22},"3":{"loc":{"start":{"line":23,"column":8},"end":{"line":28,"column":9}},"type":"if","locations":[{"start":{"line":23,"column":8},"end":{"line":28,"column":9}},{"start":{"line":23,"column":8},"end":{"line":28,"column":9}}],"line":23},"4":{"loc":{"start":{"line":38,"column":28},"end":{"line":38,"column":88}},"type":"cond-expr","locations":[{"start":{"line":38,"column":53},"end":{"line":38,"column":77}},{"start":{"line":38,"column":78},"end":{"line":38,"column":88}}],"line":38},"5":{"loc":{"start":{"line":44,"column":8},"end":{"line":50,"column":5}},"type":"if","locations":[{"start":{"line":44,"column":8},"end":{"line":50,"column":5}},{"start":{"line":44,"column":8},"end":{"line":50,"column":5}}],"line":44}},"s":{"0":4,"1":4,"2":1,"3":1,"4":1,"5":1,"6":0,"7":1,"8":1,"9":1,"10":0,"11":4,"12":1,"13":1,"14":1,"15":1,"16":1,"17":0,"18":1,"19":0,"20":0,"21":1,"22":4,"23":2,"24":2,"25":2,"26":2,"27":2,"28":2,"29":2,"30":1,"31":1,"32":1,"33":1},"f":{"0":1,"1":1,"2":1,"3":1,"4":2,"5":2},"b":{"0":[0,1],"1":[1,0],"2":[0,1],"3":[0,1],"4":[0,2],"5":[1,1]},"_coverageSchema":"43e27e138ebf9cfc5966b082cf9a028302ed4184","hash":"4c68881230d2e2c829f0a8b00bab8ae8aeaacfb8"}
,"C:\\ReduxLearning\\expense\\helloDb\\src\\init\\initDb.js": {"path":"C:\\ReduxLearning\\expense\\helloDb\\src\\init\\initDb.js","statementMap":{"0":{"start":{"line":1,"column":11},"end":{"line":1,"column":27}},"1":{"start":{"line":3,"column":20},"end":{"line":10,"column":1}},"2":{"start":{"line":12,"column":0},"end":{"line":22,"column":1}},"3":{"start":{"line":23,"column":21},"end":{"line":33,"column":1}},"4":{"start":{"line":35,"column":0},"end":{"line":71,"column":2}},"5":{"start":{"line":36,"column":4},"end":{"line":70,"column":7}},"6":{"start":{"line":39,"column":8},"end":{"line":39,"column":34}},"7":{"start":{"line":43,"column":8},"end":{"line":43,"column":50}},"8":{"start":{"line":44,"column":8},"end":{"line":44,"column":43}},"9":{"start":{"line":45,"column":8},"end":{"line":45,"column":29}},"10":{"start":{"line":46,"column":8},"end":{"line":46,"column":32}},"11":{"start":{"line":47,"column":8},"end":{"line":47,"column":28}},"12":{"start":{"line":49,"column":34},"end":{"line":49,"column":85}},"13":{"start":{"line":51,"column":38},"end":{"line":51,"column":120}},"14":{"start":{"line":54,"column":8},"end":{"line":54,"column":39}},"15":{"start":{"line":55,"column":8},"end":{"line":55,"column":40}},"16":{"start":{"line":57,"column":8},"end":{"line":57,"column":62}},"17":{"start":{"line":58,"column":8},"end":{"line":58,"column":50}},"18":{"start":{"line":59,"column":8},"end":{"line":59,"column":86}},"19":{"start":{"line":60,"column":8},"end":{"line":60,"column":71}},"20":{"start":{"line":61,"column":8},"end":{"line":61,"column":81}},"21":{"start":{"line":62,"column":8},"end":{"line":62,"column":54}},"22":{"start":{"line":63,"column":8},"end":{"line":63,"column":58}},"23":{"start":{"line":64,"column":8},"end":{"line":64,"column":54}},"24":{"start":{"line":65,"column":8},"end":{"line":65,"column":92}},"25":{"start":{"line":67,"column":8},"end":{"line":67,"column":36}},"26":{"start":{"line":69,"column":8},"end":{"line":69,"column":40}}},"fnMap":{"0":{"name":"(anonymous_0)","decl":{"start":{"line":35,"column":17},"end":{"line":35,"column":18}},"loc":{"start":{"line":35,"column":23},"end":{"line":71,"column":1}},"line":35},"1":{"name":"(anonymous_1)","decl":{"start":{"line":36,"column":17},"end":{"line":36,"column":18}},"loc":{"start":{"line":36,"column":23},"end":{"line":70,"column":5}},"line":36}},"branchMap":{},"s":{"0":4,"1":4,"2":4,"3":4,"4":4,"5":4,"6":4,"7":4,"8":4,"9":4,"10":4,"11":4,"12":4,"13":4,"14":4,"15":4,"16":4,"17":4,"18":4,"19":4,"20":4,"21":4,"22":4,"23":4,"24":4,"25":4,"26":4},"f":{"0":4,"1":4},"b":{},"_coverageSchema":"43e27e138ebf9cfc5966b082cf9a028302ed4184","hash":"6d7afc3e575b3f721c557ee713ab5b8e91da2226"}
,"C:\\ReduxLearning\\expense\\helloDb\\src\\init\\initExpress.js": {"path":"C:\\ReduxLearning\\expense\\helloDb\\src\\init\\initExpress.js","statementMap":{"0":{"start":{"line":1,"column":16},"end":{"line":1,"column":34}},"1":{"start":{"line":3,"column":0},"end":{"line":5,"column":2}},"2":{"start":{"line":4,"column":4},"end":{"line":4,"column":27}}},"fnMap":{"0":{"name":"(anonymous_0)","decl":{"start":{"line":3,"column":17},"end":{"line":3,"column":18}},"loc":{"start":{"line":3,"column":26},"end":{"line":5,"column":1}},"line":3}},"branchMap":{},"s":{"0":4,"1":4,"2":4},"f":{"0":4},"b":{},"_coverageSchema":"43e27e138ebf9cfc5966b082cf9a028302ed4184","hash":"fe7b772f099ea9c1256b87134d0474be43768464"}
,"C:\\ReduxLearning\\expense\\helloDb\\src\\init\\initRoutes.js": {"path":"C:\\ReduxLearning\\expense\\helloDb\\src\\init\\initRoutes.js","statementMap":{"0":{"start":{"line":1,"column":30},"end":{"line":1,"column":77}},"1":{"start":{"line":2,"column":10},"end":{"line":2,"column":57}},"2":{"start":{"line":3,"column":31},"end":{"line":3,"column":79}},"3":{"start":{"line":5,"column":0},"end":{"line":19,"column":2}},"4":{"start":{"line":6,"column":4},"end":{"line":6,"column":59}},"5":{"start":{"line":7,"column":4},"end":{"line":7,"column":66}},"6":{"start":{"line":8,"column":4},"end":{"line":8,"column":56}},"7":{"start":{"line":9,"column":4},"end":{"line":9,"column":33}},"8":{"start":{"line":10,"column":4},"end":{"line":10,"column":57}},"9":{"start":{"line":11,"column":4},"end":{"line":11,"column":85}},"10":{"start":{"line":12,"column":4},"end":{"line":12,"column":58}},"11":{"start":{"line":13,"column":4},"end":{"line":13,"column":59}},"12":{"start":{"line":14,"column":4},"end":{"line":14,"column":65}},"13":{"start":{"line":15,"column":4},"end":{"line":15,"column":64}},"14":{"start":{"line":16,"column":4},"end":{"line":16,"column":91}}},"fnMap":{"0":{"name":"(anonymous_0)","decl":{"start":{"line":5,"column":17},"end":{"line":5,"column":18}},"loc":{"start":{"line":5,"column":26},"end":{"line":19,"column":1}},"line":5}},"branchMap":{},"s":{"0":4,"1":4,"2":4,"3":4,"4":4,"5":4,"6":4,"7":4,"8":4,"9":4,"10":4,"11":4,"12":4,"13":4,"14":4},"f":{"0":4},"b":{},"_coverageSchema":"43e27e138ebf9cfc5966b082cf9a028302ed4184","hash":"02f91e37b49ff51b9e50091dbc8fecee33cbb70f"}
,"C:\\ReduxLearning\\expense\\helloDb\\src\\init\\initialData.js": {"path":"C:\\ReduxLearning\\expense\\helloDb\\src\\init\\initialData.js","statementMap":{"0":{"start":{"line":2,"column":0},"end":{"line":21,"column":1}},"1":{"start":{"line":23,"column":0},"end":{"line":60,"column":1}}},"fnMap":{},"branchMap":{},"s":{"0":1,"1":1},"f":{},"b":{},"_coverageSchema":"43e27e138ebf9cfc5966b082cf9a028302ed4184","hash":"c7c27354b2bbde0fa2cbf7e3cd9216a73354c5dc"}
}
