{"C:\\Users\\bogdan.bosca\\WebstormProjects\\expense\\helloDb\\src\\app.js": {"path":"C:\\Users\\bogdan.bosca\\WebstormProjects\\expense\\helloDb\\src\\app.js","statementMap":{"0":{"start":{"line":1,"column":16},"end":{"line":1,"column":34}},"1":{"start":{"line":2,"column":12},"end":{"line":2,"column":21}},"2":{"start":{"line":4,"column":0},"end":{"line":4,"column":27}},"3":{"start":{"line":5,"column":0},"end":{"line":5,"column":35}},"4":{"start":{"line":6,"column":0},"end":{"line":6,"column":34}},"5":{"start":{"line":8,"column":0},"end":{"line":8,"column":21}}},"fnMap":{},"branchMap":{},"s":{"0":1,"1":1,"2":1,"3":1,"4":1,"5":1},"f":{},"b":{},"_coverageSchema":"43e27e138ebf9cfc5966b082cf9a028302ed4184","hash":"9b500319ab97449e123baf431b180f4978f982e6"}
,"C:\\Users\\bogdan.bosca\\WebstormProjects\\expense\\helloDb\\src\\db.js": {"path":"C:\\Users\\bogdan.bosca\\WebstormProjects\\expense\\helloDb\\src\\db.js","statementMap":{"0":{"start":{"line":1,"column":16},"end":{"line":1,"column":44}},"1":{"start":{"line":3,"column":0},"end":{"line":3,"column":50}}},"fnMap":{},"branchMap":{},"s":{"0":1,"1":1},"f":{},"b":{},"_coverageSchema":"43e27e138ebf9cfc5966b082cf9a028302ed4184","hash":"766d43c69edd7e154f5ef09c0b61bb0e09381390"}
,"C:\\Users\\bogdan.bosca\\WebstormProjects\\expense\\helloDb\\src\\controllers\\helloController.js": {"path":"C:\\Users\\bogdan.bosca\\WebstormProjects\\expense\\helloDb\\src\\controllers\\helloController.js","statementMap":{"0":{"start":{"line":1,"column":11},"end":{"line":1,"column":27}},"1":{"start":{"line":3,"column":0},"end":{"line":16,"column":2}},"2":{"start":{"line":5,"column":16},"end":{"line":5,"column":55}},"3":{"start":{"line":7,"column":4},"end":{"line":15,"column":7}},"4":{"start":{"line":8,"column":8},"end":{"line":8,"column":58}},"5":{"start":{"line":8,"column":17},"end":{"line":8,"column":58}},"6":{"start":{"line":10,"column":8},"end":{"line":14,"column":9}},"7":{"start":{"line":11,"column":12},"end":{"line":11,"column":61}},"8":{"start":{"line":13,"column":12},"end":{"line":13,"column":55}}},"fnMap":{"0":{"name":"(anonymous_0)","decl":{"start":{"line":3,"column":14},"end":{"line":3,"column":15}},"loc":{"start":{"line":3,"column":34},"end":{"line":16,"column":1}},"line":3},"1":{"name":"(anonymous_1)","decl":{"start":{"line":7,"column":27},"end":{"line":7,"column":28}},"loc":{"start":{"line":7,"column":41},"end":{"line":15,"column":5}},"line":7}},"branchMap":{"0":{"loc":{"start":{"line":8,"column":8},"end":{"line":8,"column":58}},"type":"if","locations":[{"start":{"line":8,"column":8},"end":{"line":8,"column":58}},{"start":{"line":8,"column":8},"end":{"line":8,"column":58}}],"line":8},"1":{"loc":{"start":{"line":10,"column":8},"end":{"line":14,"column":9}},"type":"if","locations":[{"start":{"line":10,"column":8},"end":{"line":14,"column":9}},{"start":{"line":10,"column":8},"end":{"line":14,"column":9}}],"line":10}},"s":{"0":1,"1":1,"2":1,"3":1,"4":1,"5":0,"6":1,"7":1,"8":0},"f":{"0":1,"1":1},"b":{"0":[0,1],"1":[1,0]},"_coverageSchema":"43e27e138ebf9cfc5966b082cf9a028302ed4184","hash":"9a36bef6b788ae7fe26e14a62fdf4a12e65f5825"}
,"C:\\Users\\bogdan.bosca\\WebstormProjects\\expense\\helloDb\\src\\init\\initDb.js": {"path":"C:\\Users\\bogdan.bosca\\WebstormProjects\\expense\\helloDb\\src\\init\\initDb.js","statementMap":{"0":{"start":{"line":1,"column":11},"end":{"line":1,"column":27}},"1":{"start":{"line":3,"column":0},"end":{"line":13,"column":2}},"2":{"start":{"line":4,"column":4},"end":{"line":12,"column":7}},"3":{"start":{"line":5,"column":8},"end":{"line":5,"column":95}},"4":{"start":{"line":7,"column":21},"end":{"line":7,"column":69}},"5":{"start":{"line":9,"column":8},"end":{"line":9,"column":26}},"6":{"start":{"line":11,"column":8},"end":{"line":11,"column":24}}},"fnMap":{"0":{"name":"(anonymous_0)","decl":{"start":{"line":3,"column":17},"end":{"line":3,"column":18}},"loc":{"start":{"line":3,"column":23},"end":{"line":13,"column":1}},"line":3},"1":{"name":"(anonymous_1)","decl":{"start":{"line":4,"column":17},"end":{"line":4,"column":18}},"loc":{"start":{"line":4,"column":23},"end":{"line":12,"column":5}},"line":4}},"branchMap":{},"s":{"0":1,"1":1,"2":1,"3":1,"4":1,"5":1,"6":1},"f":{"0":1,"1":1},"b":{},"_coverageSchema":"43e27e138ebf9cfc5966b082cf9a028302ed4184","hash":"2721372db079226b680b4582d26fbfc79fa4634a"}
,"C:\\Users\\bogdan.bosca\\WebstormProjects\\expense\\helloDb\\src\\init\\initExpress.js": {"path":"C:\\Users\\bogdan.bosca\\WebstormProjects\\expense\\helloDb\\src\\init\\initExpress.js","statementMap":{"0":{"start":{"line":1,"column":0},"end":{"line":3,"column":2}}},"fnMap":{"0":{"name":"(anonymous_0)","decl":{"start":{"line":1,"column":17},"end":{"line":1,"column":18}},"loc":{"start":{"line":1,"column":26},"end":{"line":3,"column":1}},"line":1}},"branchMap":{},"s":{"0":1},"f":{"0":1},"b":{},"_coverageSchema":"43e27e138ebf9cfc5966b082cf9a028302ed4184","hash":"1308356ba7d59bd8d7e90f51c10688a78e261fc1"}
,"C:\\Users\\bogdan.bosca\\WebstormProjects\\expense\\helloDb\\src\\init\\initRoutes.js": {"path":"C:\\Users\\bogdan.bosca\\WebstormProjects\\expense\\helloDb\\src\\init\\initRoutes.js","statementMap":{"0":{"start":{"line":1,"column":24},"end":{"line":1,"column":65}},"1":{"start":{"line":3,"column":0},"end":{"line":5,"column":2}},"2":{"start":{"line":4,"column":4},"end":{"line":4,"column":38}}},"fnMap":{"0":{"name":"(anonymous_0)","decl":{"start":{"line":3,"column":17},"end":{"line":3,"column":18}},"loc":{"start":{"line":3,"column":26},"end":{"line":5,"column":1}},"line":3}},"branchMap":{},"s":{"0":1,"1":1,"2":1},"f":{"0":1},"b":{},"_coverageSchema":"43e27e138ebf9cfc5966b082cf9a028302ed4184","hash":"cb9a67c2a5f82fb2388c1d508a72d9780615215c"}
}
