TN:
SF:C:\ReduxLearning\expense\helloDb\src\app.js
FNF:0
FNH:0
DA:1,4
DA:2,4
DA:4,4
DA:5,4
DA:6,4
DA:8,4
LF:6
LH:6
BRF:0
BRH:0
end_of_record
TN:
SF:C:\ReduxLearning\expense\helloDb\src\db.js
FNF:0
FNH:0
DA:1,4
DA:3,4
DA:5,4
DA:6,4
DA:8,0
DA:11,4
LF:6
LH:5
BRDA:5,0,0,4
BRDA:5,0,1,0
BRF:2
BRH:1
end_of_record
TN:
SF:C:\ReduxLearning\expense\helloDb\src\controllers\CategoryController.js
FN:4,(anonymous_0)
FN:8,(anonymous_1)
FNF:2
FNH:2
FNDA:2,(anonymous_0)
FNDA:2,(anonymous_1)
DA:1,4
DA:4,4
DA:5,2
DA:6,2
DA:8,2
DA:9,2
DA:10,0
DA:11,2
DA:12,2
DA:14,0
LF:10
LH:8
BRDA:9,0,0,0
BRDA:9,0,1,2
BRDA:11,1,0,2
BRDA:11,1,1,0
BRF:4
BRH:2
end_of_record
TN:
SF:C:\ReduxLearning\expense\helloDb\src\controllers\CategoryTypeController.js
FN:4,(anonymous_0)
FN:7,(anonymous_1)
FN:15,(anonymous_2)
FN:18,(anonymous_3)
FN:31,(anonymous_4)
FN:36,(anonymous_5)
FN:49,(anonymous_6)
FN:52,(anonymous_7)
FN:64,(anonymous_8)
FN:71,(anonymous_9)
FN:84,(anonymous_10)
FN:92,(anonymous_11)
FN:106,(anonymous_12)
FN:113,(anonymous_13)
FNF:14
FNH:12
FNDA:0,(anonymous_0)
FNDA:0,(anonymous_1)
FNDA:2,(anonymous_2)
FNDA:2,(anonymous_3)
FNDA:2,(anonymous_4)
FNDA:2,(anonymous_5)
FNDA:2,(anonymous_6)
FNDA:2,(anonymous_7)
FNDA:2,(anonymous_8)
FNDA:2,(anonymous_9)
FNDA:3,(anonymous_10)
FNDA:3,(anonymous_11)
FNDA:2,(anonymous_12)
FNDA:2,(anonymous_13)
DA:1,4
DA:4,4
DA:6,0
DA:7,0
DA:8,0
DA:9,0
DA:10,0
DA:11,0
DA:12,0
DA:15,4
DA:16,2
DA:17,2
DA:18,2
DA:19,2
DA:20,2
DA:21,2
DA:22,2
DA:23,0
DA:25,2
DA:26,1
DA:27,1
DA:28,1
DA:31,4
DA:32,2
DA:33,2
DA:34,2
DA:36,2
DA:37,2
DA:38,2
DA:39,2
DA:40,0
DA:42,2
DA:43,1
DA:44,1
DA:45,1
DA:49,4
DA:50,2
DA:51,2
DA:52,2
DA:53,2
DA:54,2
DA:55,2
DA:56,0
DA:58,2
DA:59,1
DA:60,1
DA:61,1
DA:64,4
DA:67,2
DA:68,2
DA:69,2
DA:71,2
DA:72,2
DA:73,2
DA:74,1
DA:75,1
DA:77,1
DA:78,1
DA:84,4
DA:86,3
DA:87,3
DA:88,3
DA:89,3
DA:90,3
DA:91,3
DA:92,3
DA:93,3
DA:94,3
DA:95,1
DA:96,1
DA:98,2
DA:99,1
DA:100,1
DA:103,1
DA:106,4
DA:108,2
DA:109,2
DA:110,2
DA:111,2
DA:113,2
DA:114,2
DA:115,2
DA:116,1
DA:117,1
DA:119,1
LF:85
LH:75
BRDA:8,0,0,0
BRDA:8,0,1,0
BRDA:10,1,0,0
BRDA:10,1,1,0
BRDA:22,2,0,0
BRDA:22,2,1,2
BRDA:25,3,0,1
BRDA:25,3,1,1
BRDA:39,4,0,0
BRDA:39,4,1,2
BRDA:42,5,0,1
BRDA:42,5,1,1
BRDA:55,6,0,0
BRDA:55,6,1,2
BRDA:58,7,0,1
BRDA:58,7,1,1
BRDA:73,8,0,1
BRDA:73,8,1,1
BRDA:94,9,0,1
BRDA:94,9,1,2
BRDA:98,10,0,1
BRDA:98,10,1,1
BRDA:114,11,0,0
BRDA:114,11,1,2
BRDA:115,12,0,1
BRDA:115,12,1,1
BRF:26
BRH:18
end_of_record
TN:
SF:C:\ReduxLearning\expense\helloDb\src\controllers\TransactionController.js
FN:3,(anonymous_0)
FN:5,(anonymous_1)
FN:17,(anonymous_2)
FN:20,(anonymous_3)
FN:31,(anonymous_4)
FN:42,(anonymous_5)
FNF:6
FNH:6
FNDA:1,(anonymous_0)
FNDA:1,(anonymous_1)
FNDA:1,(anonymous_2)
FNDA:1,(anonymous_3)
FNDA:2,(anonymous_4)
FNDA:2,(anonymous_5)
DA:1,4
DA:3,4
DA:4,1
DA:5,1
DA:6,1
DA:7,1
DA:8,1
DA:9,1
DA:10,1
DA:12,0
DA:17,4
DA:18,1
DA:19,1
DA:20,1
DA:21,1
DA:22,1
DA:23,1
DA:24,0
DA:25,0
DA:27,1
DA:31,4
DA:34,2
DA:36,2
DA:38,2
DA:40,2
DA:42,2
DA:43,2
DA:44,2
DA:45,1
DA:46,1
DA:48,1
DA:49,1
LF:32
LH:29
BRDA:7,0,0,0
BRDA:7,0,1,1
BRDA:8,1,0,1
BRDA:8,1,1,0
BRDA:22,2,0,0
BRDA:22,2,1,1
BRDA:23,3,0,0
BRDA:23,3,1,1
BRDA:38,4,0,0
BRDA:38,4,1,2
BRDA:44,5,0,1
BRDA:44,5,1,1
BRF:12
BRH:7
end_of_record
TN:
SF:C:\ReduxLearning\expense\helloDb\src\init\initDb.js
FN:35,(anonymous_0)
FN:36,(anonymous_1)
FNF:2
FNH:2
FNDA:4,(anonymous_0)
FNDA:4,(anonymous_1)
DA:1,4
DA:3,4
DA:12,4
DA:23,4
DA:35,4
DA:36,4
DA:39,4
DA:43,4
DA:44,4
DA:45,4
DA:46,4
DA:47,4
DA:49,4
DA:51,4
DA:54,4
DA:55,4
DA:57,4
DA:58,4
DA:59,4
DA:60,4
DA:61,4
DA:62,4
DA:63,4
DA:64,4
DA:65,4
DA:67,4
DA:69,4
LF:27
LH:27
BRF:0
BRH:0
end_of_record
TN:
SF:C:\ReduxLearning\expense\helloDb\src\init\initExpress.js
FN:3,(anonymous_0)
FNF:1
FNH:1
FNDA:4,(anonymous_0)
DA:1,4
DA:3,4
DA:4,4
LF:3
LH:3
BRF:0
BRH:0
end_of_record
TN:
SF:C:\ReduxLearning\expense\helloDb\src\init\initRoutes.js
FN:5,(anonymous_0)
FNF:1
FNH:1
FNDA:4,(anonymous_0)
DA:1,4
DA:2,4
DA:3,4
DA:5,4
DA:6,4
DA:7,4
DA:8,4
DA:9,4
DA:10,4
DA:11,4
DA:12,4
DA:13,4
DA:14,4
DA:15,4
DA:16,4
LF:15
LH:15
BRF:0
BRH:0
end_of_record
TN:
SF:C:\ReduxLearning\expense\helloDb\src\init\initialData.js
FNF:0
FNH:0
DA:2,1
DA:23,1
LF:2
LH:2
BRF:0
BRH:0
end_of_record
